2017/09/04 12:03:37.198223 beat.go:267: INFO Home path: [/home/laoyue/github/docker-elk/filebeat5/filebeat-5.5.2] Config path: [/home/laoyue/github/docker-elk/filebeat5/filebeat-5.5.2] Data path: [/home/laoyue/github/docker-elk/filebeat5/filebeat-5.5.2/data] Logs path: [/home/laoyue/github/docker-elk/filebeat5/filebeat-5.5.2/logs]
2017/09/04 12:03:37.198276 beat.go:177: INFO Setup Beat: filebeat; Version: 5.2.2
2017/09/04 12:03:37.198330 logp.go:219: INFO Metrics logging every 30s
2017/09/04 12:03:37.198336 logstash.go:90: INFO Max Retries set to: 3
2017/09/04 12:03:37.198471 outputs.go:106: INFO Activated logstash as output plugin.
2017/09/04 12:03:37.198542 publish.go:291: INFO Publisher name: VM_192_206_centos
2017/09/04 12:03:37.198787 async.go:63: INFO Flush Interval set to: 1s
2017/09/04 12:03:37.198803 async.go:64: INFO Max Bulk Size set to: 2048
2017/09/04 12:03:37.198969 beat.go:207: INFO filebeat start running.
2017/09/04 12:03:37.198997 registrar.go:85: INFO Registry file set to: /home/laoyue/github/docker-elk/filebeat5/filebeat-5.5.2/data/registry
2017/09/04 12:03:37.199017 registrar.go:106: INFO Loading registrar data from /home/laoyue/github/docker-elk/filebeat5/filebeat-5.5.2/data/registry
2017/09/04 12:03:37.199258 registrar.go:123: INFO States Loaded from registrar: 2
2017/09/04 12:03:37.199300 crawler.go:34: INFO Loading Prospectors: 1
2017/09/04 12:03:37.199366 prospector_log.go:57: INFO Prospector with previous states loaded: 2
2017/09/04 12:03:37.199376 sync.go:41: INFO Start sending events to output
2017/09/04 12:03:37.199417 crawler.go:48: INFO Loading Prospectors completed. Number of prospectors: 1
2017/09/04 12:03:37.199425 crawler.go:63: INFO All prospectors are initialised and running with 2 states to persist
2017/09/04 12:03:37.199352 registrar.go:236: INFO Starting Registrar
2017/09/04 12:03:37.199446 prospector.go:112: INFO Starting prospector of type: log
2017/09/04 12:03:37.199449 spooler.go:63: INFO Starting spooler: spool_size: 2048; idle_timeout: 5s
2017/09/04 12:04:07.200541 logp.go:230: INFO Non-zero metrics in the last 30s: publish.events=2 registrar.states.update=2 registar.states.current=2 registrar.writes=1
2017/09/04 12:04:37.198552 logp.go:232: INFO No non-zero metrics in the last 30s
2017/09/04 12:05:07.198539 logp.go:232: INFO No non-zero metrics in the last 30s
2017/09/04 12:05:37.198548 logp.go:232: INFO No non-zero metrics in the last 30s
2017/09/04 12:06:07.198518 logp.go:232: INFO No non-zero metrics in the last 30s
2017/09/04 12:06:37.198575 logp.go:232: INFO No non-zero metrics in the last 30s
2017/09/04 12:07:07.198510 logp.go:232: INFO No non-zero metrics in the last 30s
2017/09/04 12:07:37.198521 logp.go:232: INFO No non-zero metrics in the last 30s
2017/09/04 12:08:07.198520 logp.go:232: INFO No non-zero metrics in the last 30s
2017/09/04 12:08:37.198543 logp.go:232: INFO No non-zero metrics in the last 30s
2017/09/04 12:09:07.198571 logp.go:232: INFO No non-zero metrics in the last 30s
2017/09/04 12:09:37.198564 logp.go:232: INFO No non-zero metrics in the last 30s
2017/09/04 12:10:07.198538 logp.go:232: INFO No non-zero metrics in the last 30s
2017/09/04 12:10:37.198565 logp.go:232: INFO No non-zero metrics in the last 30s
2017/09/04 12:11:07.198597 logp.go:232: INFO No non-zero metrics in the last 30s
2017/09/04 12:11:37.198557 logp.go:232: INFO No non-zero metrics in the last 30s
2017/09/04 12:12:07.198551 logp.go:232: INFO No non-zero metrics in the last 30s
2017/09/04 12:12:37.198572 logp.go:232: INFO No non-zero metrics in the last 30s
2017/09/04 12:13:07.198571 logp.go:232: INFO No non-zero metrics in the last 30s
2017/09/04 12:13:37.198574 logp.go:232: INFO No non-zero metrics in the last 30s
2017/09/04 12:14:07.200739 logp.go:232: INFO No non-zero metrics in the last 30s
2017/09/04 12:14:37.198587 logp.go:232: INFO No non-zero metrics in the last 30s
2017/09/04 12:15:07.198526 logp.go:232: INFO No non-zero metrics in the last 30s
2017/09/04 12:15:37.198608 logp.go:232: INFO No non-zero metrics in the last 30s
2017/09/04 12:16:07.198579 logp.go:232: INFO No non-zero metrics in the last 30s
2017/09/04 12:16:37.198537 logp.go:232: INFO No non-zero metrics in the last 30s
2017/09/04 12:17:07.198716 logp.go:232: INFO No non-zero metrics in the last 30s
2017/09/04 12:17:37.198546 logp.go:232: INFO No non-zero metrics in the last 30s
2017/09/04 12:18:07.198529 logp.go:232: INFO No non-zero metrics in the last 30s
2017/09/04 12:18:37.198582 logp.go:232: INFO No non-zero metrics in the last 30s
2017/09/04 12:19:07.198594 logp.go:232: INFO No non-zero metrics in the last 30s
2017/09/04 12:19:37.198536 logp.go:232: INFO No non-zero metrics in the last 30s
2017/09/04 12:20:07.198518 logp.go:232: INFO No non-zero metrics in the last 30s
2017/09/04 12:20:37.198524 logp.go:232: INFO No non-zero metrics in the last 30s
2017/09/04 12:21:07.198536 logp.go:232: INFO No non-zero metrics in the last 30s
2017/09/04 12:21:37.198550 logp.go:232: INFO No non-zero metrics in the last 30s
2017/09/04 12:22:07.198551 logp.go:232: INFO No non-zero metrics in the last 30s
2017/09/04 12:22:37.198547 logp.go:232: INFO No non-zero metrics in the last 30s
2017/09/04 12:23:07.198527 logp.go:232: INFO No non-zero metrics in the last 30s
2017/09/04 12:23:37.198540 logp.go:232: INFO No non-zero metrics in the last 30s
2017/09/04 12:24:07.198739 logp.go:232: INFO No non-zero metrics in the last 30s
2017/09/04 12:24:37.198562 logp.go:232: INFO No non-zero metrics in the last 30s
2017/09/04 12:25:07.198618 logp.go:232: INFO No non-zero metrics in the last 30s
2017/09/04 12:25:37.198529 logp.go:232: INFO No non-zero metrics in the last 30s
2017/09/04 12:26:07.198626 logp.go:232: INFO No non-zero metrics in the last 30s
2017/09/04 12:26:37.198549 logp.go:232: INFO No non-zero metrics in the last 30s
2017/09/04 12:27:07.198505 logp.go:232: INFO No non-zero metrics in the last 30s
2017/09/04 12:27:37.198573 logp.go:232: INFO No non-zero metrics in the last 30s
2017/09/04 12:28:07.198510 logp.go:232: INFO No non-zero metrics in the last 30s
2017/09/04 12:28:37.198545 logp.go:232: INFO No non-zero metrics in the last 30s
2017/09/04 12:29:07.198590 logp.go:232: INFO No non-zero metrics in the last 30s
2017/09/04 12:29:37.198551 logp.go:232: INFO No non-zero metrics in the last 30s
2017/09/04 12:30:07.198542 logp.go:232: INFO No non-zero metrics in the last 30s
2017/09/04 12:30:37.198551 logp.go:232: INFO No non-zero metrics in the last 30s
2017/09/04 12:31:07.198541 logp.go:232: INFO No non-zero metrics in the last 30s
2017/09/04 12:31:37.198533 logp.go:232: INFO No non-zero metrics in the last 30s
2017/09/04 12:32:07.198536 logp.go:232: INFO No non-zero metrics in the last 30s
2017/09/04 12:32:37.198517 logp.go:232: INFO No non-zero metrics in the last 30s
2017/09/04 12:33:07.198533 logp.go:232: INFO No non-zero metrics in the last 30s
2017/09/04 12:33:37.198568 logp.go:232: INFO No non-zero metrics in the last 30s
2017/09/04 12:34:07.198514 logp.go:232: INFO No non-zero metrics in the last 30s
2017/09/04 12:34:37.198520 logp.go:232: INFO No non-zero metrics in the last 30s
2017/09/04 12:35:07.198597 logp.go:232: INFO No non-zero metrics in the last 30s
2017/09/04 12:35:37.198774 logp.go:232: INFO No non-zero metrics in the last 30s
2017/09/04 12:36:07.198576 logp.go:232: INFO No non-zero metrics in the last 30s
2017/09/04 12:36:37.198547 logp.go:232: INFO No non-zero metrics in the last 30s
2017/09/04 12:37:07.198584 logp.go:232: INFO No non-zero metrics in the last 30s
2017/09/04 12:37:37.198530 logp.go:232: INFO No non-zero metrics in the last 30s
2017/09/04 12:38:07.201733 logp.go:232: INFO No non-zero metrics in the last 30s
2017/09/04 12:38:37.199731 logp.go:232: INFO No non-zero metrics in the last 30s
2017/09/04 12:39:07.198558 logp.go:232: INFO No non-zero metrics in the last 30s
2017/09/04 12:39:37.198530 logp.go:232: INFO No non-zero metrics in the last 30s
2017/09/04 12:40:07.198522 logp.go:232: INFO No non-zero metrics in the last 30s
2017/09/04 12:40:37.198687 logp.go:232: INFO No non-zero metrics in the last 30s
2017/09/04 12:41:07.198519 logp.go:232: INFO No non-zero metrics in the last 30s
2017/09/04 12:41:37.198507 logp.go:232: INFO No non-zero metrics in the last 30s
2017/09/04 12:42:07.198525 logp.go:232: INFO No non-zero metrics in the last 30s
2017/09/04 12:42:37.198538 logp.go:232: INFO No non-zero metrics in the last 30s
2017/09/04 12:43:07.198567 logp.go:232: INFO No non-zero metrics in the last 30s
2017/09/04 12:43:37.198527 logp.go:232: INFO No non-zero metrics in the last 30s
2017/09/04 12:44:07.198550 logp.go:232: INFO No non-zero metrics in the last 30s
2017/09/04 12:44:37.201729 logp.go:232: INFO No non-zero metrics in the last 30s
2017/09/04 12:45:07.198546 logp.go:232: INFO No non-zero metrics in the last 30s
2017/09/04 12:45:37.198563 logp.go:232: INFO No non-zero metrics in the last 30s
2017/09/04 12:46:07.198546 logp.go:232: INFO No non-zero metrics in the last 30s
2017/09/04 12:46:37.198569 logp.go:232: INFO No non-zero metrics in the last 30s
2017/09/04 12:47:07.198570 logp.go:232: INFO No non-zero metrics in the last 30s
2017/09/04 12:47:37.198520 logp.go:232: INFO No non-zero metrics in the last 30s
2017/09/04 12:48:07.198526 logp.go:232: INFO No non-zero metrics in the last 30s
2017/09/04 12:48:37.198597 logp.go:232: INFO No non-zero metrics in the last 30s
2017/09/04 12:49:07.198551 logp.go:232: INFO No non-zero metrics in the last 30s
2017/09/04 12:49:37.198552 logp.go:232: INFO No non-zero metrics in the last 30s
2017/09/04 12:50:07.198538 logp.go:232: INFO No non-zero metrics in the last 30s
2017/09/04 12:50:37.198540 logp.go:232: INFO No non-zero metrics in the last 30s
2017/09/04 12:51:07.198527 logp.go:232: INFO No non-zero metrics in the last 30s
2017/09/04 12:51:37.198532 logp.go:232: INFO No non-zero metrics in the last 30s
2017/09/04 12:52:07.198565 logp.go:232: INFO No non-zero metrics in the last 30s
2017/09/04 12:52:37.198561 logp.go:232: INFO No non-zero metrics in the last 30s
2017/09/04 12:53:07.198518 logp.go:232: INFO No non-zero metrics in the last 30s
2017/09/04 12:53:37.198535 logp.go:232: INFO No non-zero metrics in the last 30s
2017/09/04 12:54:07.198582 logp.go:232: INFO No non-zero metrics in the last 30s
2017/09/04 12:54:37.198530 logp.go:232: INFO No non-zero metrics in the last 30s
2017/09/04 12:55:07.198531 logp.go:232: INFO No non-zero metrics in the last 30s
2017/09/04 12:55:37.198562 logp.go:232: INFO No non-zero metrics in the last 30s
2017/09/04 12:56:07.198585 logp.go:232: INFO No non-zero metrics in the last 30s
2017/09/04 12:56:37.200732 logp.go:232: INFO No non-zero metrics in the last 30s
2017/09/04 12:57:07.198616 logp.go:232: INFO No non-zero metrics in the last 30s
2017/09/04 12:57:37.198534 logp.go:232: INFO No non-zero metrics in the last 30s
2017/09/04 12:58:07.198518 logp.go:232: INFO No non-zero metrics in the last 30s
2017/09/04 12:58:37.198548 logp.go:232: INFO No non-zero metrics in the last 30s
2017/09/04 12:59:07.198550 logp.go:232: INFO No non-zero metrics in the last 30s
2017/09/04 12:59:37.198813 logp.go:232: INFO No non-zero metrics in the last 30s
2017/09/04 13:00:07.198528 logp.go:232: INFO No non-zero metrics in the last 30s
2017/09/04 13:00:37.198531 logp.go:232: INFO No non-zero metrics in the last 30s
2017/09/04 13:01:07.198576 logp.go:232: INFO No non-zero metrics in the last 30s
2017/09/04 13:01:37.198562 logp.go:232: INFO No non-zero metrics in the last 30s
2017/09/04 13:02:07.198596 logp.go:232: INFO No non-zero metrics in the last 30s
2017/09/04 13:02:37.198507 logp.go:232: INFO No non-zero metrics in the last 30s
2017/09/04 13:03:07.198560 logp.go:232: INFO No non-zero metrics in the last 30s
2017/09/04 13:03:37.198578 logp.go:232: INFO No non-zero metrics in the last 30s
2017/09/04 13:04:07.198527 logp.go:232: INFO No non-zero metrics in the last 30s
2017/09/04 13:04:37.198559 logp.go:232: INFO No non-zero metrics in the last 30s
2017/09/04 13:05:07.198577 logp.go:232: INFO No non-zero metrics in the last 30s
2017/09/04 13:05:37.198560 logp.go:232: INFO No non-zero metrics in the last 30s
2017/09/04 13:06:07.198535 logp.go:232: INFO No non-zero metrics in the last 30s
2017/09/04 13:06:37.198591 logp.go:232: INFO No non-zero metrics in the last 30s
2017/09/04 13:07:07.198527 logp.go:232: INFO No non-zero metrics in the last 30s
2017/09/04 13:07:37.198534 logp.go:232: INFO No non-zero metrics in the last 30s
2017/09/04 13:08:07.198548 logp.go:232: INFO No non-zero metrics in the last 30s
2017/09/04 13:08:37.198663 logp.go:232: INFO No non-zero metrics in the last 30s
2017/09/04 13:09:07.198507 logp.go:232: INFO No non-zero metrics in the last 30s
2017/09/04 13:09:37.198579 logp.go:232: INFO No non-zero metrics in the last 30s
2017/09/04 13:10:07.198517 logp.go:232: INFO No non-zero metrics in the last 30s
2017/09/04 13:10:37.198571 logp.go:232: INFO No non-zero metrics in the last 30s
2017/09/04 13:11:07.198521 logp.go:232: INFO No non-zero metrics in the last 30s
2017/09/04 13:11:37.198534 logp.go:232: INFO No non-zero metrics in the last 30s
2017/09/04 13:12:07.198589 logp.go:232: INFO No non-zero metrics in the last 30s
2017/09/04 13:12:37.198545 logp.go:232: INFO No non-zero metrics in the last 30s
2017/09/04 13:13:07.198589 logp.go:232: INFO No non-zero metrics in the last 30s
2017/09/04 13:13:37.198586 logp.go:232: INFO No non-zero metrics in the last 30s
2017/09/04 13:14:07.198579 logp.go:232: INFO No non-zero metrics in the last 30s
2017/09/04 13:14:37.198581 logp.go:232: INFO No non-zero metrics in the last 30s
2017/09/04 13:15:07.198568 logp.go:232: INFO No non-zero metrics in the last 30s
2017/09/04 13:15:37.198589 logp.go:232: INFO No non-zero metrics in the last 30s
2017/09/04 13:16:07.198546 logp.go:232: INFO No non-zero metrics in the last 30s
2017/09/04 13:16:37.198524 logp.go:232: INFO No non-zero metrics in the last 30s
2017/09/04 13:17:07.198579 logp.go:232: INFO No non-zero metrics in the last 30s
2017/09/04 13:17:37.200755 logp.go:232: INFO No non-zero metrics in the last 30s
2017/09/04 13:18:07.201071 logp.go:232: INFO No non-zero metrics in the last 30s
2017/09/04 13:18:37.198575 logp.go:232: INFO No non-zero metrics in the last 30s
2017/09/04 13:19:07.198526 logp.go:232: INFO No non-zero metrics in the last 30s
2017/09/04 13:19:37.198529 logp.go:232: INFO No non-zero metrics in the last 30s
2017/09/04 13:20:07.198597 logp.go:232: INFO No non-zero metrics in the last 30s
2017/09/04 13:20:37.198530 logp.go:232: INFO No non-zero metrics in the last 30s
2017/09/04 13:21:07.198586 logp.go:232: INFO No non-zero metrics in the last 30s
2017/09/04 13:21:17.316093 log.go:84: INFO Harvester started for file: /home/laoyue/github/docker-elk/log/test.log
2017/09/04 13:21:17.406324 registrar.go:303: ERR Failed to create tempfile (/home/laoyue/github/docker-elk/filebeat5/filebeat-5.5.2/data/registry.new) for writing: open /home/laoyue/github/docker-elk/filebeat5/filebeat-5.5.2/data/registry.new: no such file or directory
2017/09/04 13:21:17.406355 registrar.go:264: ERR Writing of registry returned error: open /home/laoyue/github/docker-elk/filebeat5/filebeat-5.5.2/data/registry.new: no such file or directory. Continuing...
2017/09/04 13:21:37.198552 logp.go:230: INFO Non-zero metrics in the last 30s: registrar.states.update=3 filebeat.harvester.started=1 libbeat.logstash.publish.read_bytes=6 filebeat.harvester.running=1 libbeat.logstash.published_and_acked_events=2 filebeat.harvester.open_files=1 libbeat.publisher.published_events=2 publish.events=3 libbeat.logstash.call_count.PublishEvents=1 libbeat.logstash.publish.write_bytes=420
2017/09/04 13:22:07.198535 logp.go:232: INFO No non-zero metrics in the last 30s
2017/09/04 13:22:37.198552 logp.go:232: INFO No non-zero metrics in the last 30s
2017/09/04 13:23:07.198551 logp.go:232: INFO No non-zero metrics in the last 30s
2017/09/04 13:23:25.739477 beat.go:267: INFO Home path: [/home/laoyue/github/docker-elk/filebeat5] Config path: [/home/laoyue/github/docker-elk/filebeat5] Data path: [/home/laoyue/github/docker-elk/filebeat5/data] Logs path: [/home/laoyue/github/docker-elk/filebeat5/logs]
2017/09/04 13:23:25.739507 beat.go:177: INFO Setup Beat: filebeat; Version: 5.2.2
2017/09/04 13:23:25.739559 logstash.go:90: INFO Max Retries set to: 3
2017/09/04 13:23:25.739589 logp.go:219: INFO Metrics logging every 30s
2017/09/04 13:23:25.739605 outputs.go:106: INFO Activated logstash as output plugin.
2017/09/04 13:23:25.739704 publish.go:291: INFO Publisher name: VM_192_206_centos
2017/09/04 13:23:25.739881 async.go:63: INFO Flush Interval set to: 1s
2017/09/04 13:23:25.739891 async.go:64: INFO Max Bulk Size set to: 2048
2017/09/04 13:23:25.740024 beat.go:207: INFO filebeat start running.
2017/09/04 13:23:25.740047 registrar.go:85: INFO Registry file set to: /home/laoyue/github/docker-elk/filebeat5/data/registry
2017/09/04 13:23:25.740068 registrar.go:106: INFO Loading registrar data from /home/laoyue/github/docker-elk/filebeat5/data/registry
2017/09/04 13:23:25.740268 registrar.go:123: INFO States Loaded from registrar: 2
2017/09/04 13:23:25.740285 crawler.go:34: INFO Loading Prospectors: 1
2017/09/04 13:23:25.740329 prospector_log.go:57: INFO Prospector with previous states loaded: 2
2017/09/04 13:23:25.740377 crawler.go:48: INFO Loading Prospectors completed. Number of prospectors: 1
2017/09/04 13:23:25.740397 crawler.go:63: INFO All prospectors are initialised and running with 2 states to persist
2017/09/04 13:23:25.740419 registrar.go:236: INFO Starting Registrar
2017/09/04 13:23:25.740458 spooler.go:63: INFO Starting spooler: spool_size: 2048; idle_timeout: 5s
2017/09/04 13:23:25.740466 prospector.go:112: INFO Starting prospector of type: log
2017/09/04 13:23:25.740477 sync.go:41: INFO Start sending events to output
2017/09/04 13:23:37.198570 logp.go:232: INFO No non-zero metrics in the last 30s
2017/09/04 13:23:42.401555 sync.go:85: ERR Failed to publish events caused by: write tcp 10.154.192.206:56698->182.254.151.43:5044: write: connection reset by peer
2017/09/04 13:23:42.401592 single.go:91: INFO Error publishing events (retrying): write tcp 10.154.192.206:56698->182.254.151.43:5044: write: connection reset by peer
2017/09/04 13:23:43.410755 registrar.go:303: ERR Failed to create tempfile (/home/laoyue/github/docker-elk/filebeat5/filebeat-5.5.2/data/registry.new) for writing: open /home/laoyue/github/docker-elk/filebeat5/filebeat-5.5.2/data/registry.new: no such file or directory
2017/09/04 13:23:43.410813 registrar.go:264: ERR Writing of registry returned error: open /home/laoyue/github/docker-elk/filebeat5/filebeat-5.5.2/data/registry.new: no such file or directory. Continuing...
2017/09/04 13:23:45.740998 log.go:84: INFO Harvester started for file: /home/laoyue/github/docker-elk/log/test.log
2017/09/04 13:23:55.739777 logp.go:230: INFO Non-zero metrics in the last 30s: filebeat.harvester.running=1 filebeat.harvester.started=1 registar.states.current=2 libbeat.logstash.publish.write_bytes=390 filebeat.harvester.open_files=1 registrar.states.update=4 publish.events=4 libbeat.logstash.call_count.PublishEvents=1 libbeat.logstash.published_and_acked_events=1 libbeat.publisher.published_events=1 libbeat.logstash.publish.read_bytes=6 registrar.writes=2
2017/09/04 13:23:57.406528 registrar.go:303: ERR Failed to create tempfile (/home/laoyue/github/docker-elk/filebeat5/filebeat-5.5.2/data/registry.new) for writing: open /home/laoyue/github/docker-elk/filebeat5/filebeat-5.5.2/data/registry.new: no such file or directory
2017/09/04 13:23:57.406562 registrar.go:264: ERR Writing of registry returned error: open /home/laoyue/github/docker-elk/filebeat5/filebeat-5.5.2/data/registry.new: no such file or directory. Continuing...
2017/09/04 13:24:07.198539 logp.go:230: INFO Non-zero metrics in the last 30s: libbeat.logstash.published_and_acked_events=2 libbeat.logstash.published_but_not_acked_events=1 libbeat.publisher.published_events=2 publish.events=2 registrar.states.update=2 libbeat.logstash.publish.write_errors=1 libbeat.logstash.call_count.PublishEvents=3 libbeat.logstash.publish.read_bytes=12 libbeat.logstash.publish.write_bytes=780
2017/09/04 13:24:25.739769 logp.go:230: INFO Non-zero metrics in the last 30s: registrar.states.update=1 libbeat.logstash.publish.read_bytes=6 libbeat.logstash.publish.write_bytes=389 libbeat.publisher.published_events=1 libbeat.logstash.published_and_acked_events=1 libbeat.logstash.call_count.PublishEvents=1 publish.events=1 registrar.writes=1
2017/09/04 13:24:37.198582 logp.go:232: INFO No non-zero metrics in the last 30s
2017/09/04 13:24:55.739910 logp.go:232: INFO No non-zero metrics in the last 30s
2017/09/04 13:25:07.198556 logp.go:232: INFO No non-zero metrics in the last 30s
2017/09/04 13:25:25.739767 logp.go:232: INFO No non-zero metrics in the last 30s
2017/09/04 13:25:37.198529 logp.go:232: INFO No non-zero metrics in the last 30s
2017/09/04 13:25:55.739809 logp.go:232: INFO No non-zero metrics in the last 30s
2017/09/04 13:26:07.198576 logp.go:232: INFO No non-zero metrics in the last 30s
2017/09/04 13:26:25.739775 logp.go:232: INFO No non-zero metrics in the last 30s
2017/09/04 13:26:37.198559 logp.go:232: INFO No non-zero metrics in the last 30s
2017/09/04 13:26:55.739787 logp.go:232: INFO No non-zero metrics in the last 30s
2017/09/04 13:27:07.198536 logp.go:232: INFO No non-zero metrics in the last 30s
2017/09/04 13:27:25.739824 logp.go:232: INFO No non-zero metrics in the last 30s
2017/09/04 13:27:37.198517 logp.go:232: INFO No non-zero metrics in the last 30s
2017/09/04 13:27:55.739751 logp.go:232: INFO No non-zero metrics in the last 30s
2017/09/04 13:28:07.198570 logp.go:232: INFO No non-zero metrics in the last 30s
2017/09/04 13:28:25.739792 logp.go:232: INFO No non-zero metrics in the last 30s
2017/09/04 13:28:37.198554 logp.go:232: INFO No non-zero metrics in the last 30s
2017/09/04 13:28:55.739814 logp.go:232: INFO No non-zero metrics in the last 30s
2017/09/04 13:28:57.746319 log.go:109: INFO File is inactive: /home/laoyue/github/docker-elk/log/test.log. Closing because close_inactive of 5m0s reached.
2017/09/04 13:29:02.325393 log.go:109: INFO File is inactive: /home/laoyue/github/docker-elk/log/test.log. Closing because close_inactive of 5m0s reached.
2017/09/04 13:29:02.411223 registrar.go:303: ERR Failed to create tempfile (/home/laoyue/github/docker-elk/filebeat5/filebeat-5.5.2/data/registry.new) for writing: open /home/laoyue/github/docker-elk/filebeat5/filebeat-5.5.2/data/registry.new: no such file or directory
2017/09/04 13:29:02.411265 registrar.go:264: ERR Writing of registry returned error: open /home/laoyue/github/docker-elk/filebeat5/filebeat-5.5.2/data/registry.new: no such file or directory. Continuing...
2017/09/04 13:29:07.198581 logp.go:230: INFO Non-zero metrics in the last 30s: filebeat.harvester.open_files=-1 registrar.states.update=1 publish.events=1 filebeat.harvester.running=-1 filebeat.harvester.closed=1
2017/09/04 13:29:25.739793 logp.go:230: INFO Non-zero metrics in the last 30s: publish.events=1 registrar.states.update=1 filebeat.harvester.running=-1 filebeat.harvester.closed=1 registrar.writes=1 filebeat.harvester.open_files=-1
2017/09/04 13:29:37.198568 logp.go:232: INFO No non-zero metrics in the last 30s
2017/09/04 13:29:55.739749 logp.go:232: INFO No non-zero metrics in the last 30s
2017/09/04 13:30:07.198540 logp.go:232: INFO No non-zero metrics in the last 30s
2017/09/04 13:30:25.739775 logp.go:232: INFO No non-zero metrics in the last 30s
2017/09/04 13:30:37.198542 logp.go:232: INFO No non-zero metrics in the last 30s
2017/09/04 13:30:55.739761 logp.go:232: INFO No non-zero metrics in the last 30s
2017/09/04 13:31:07.198563 logp.go:232: INFO No non-zero metrics in the last 30s
2017/09/04 13:31:25.739790 logp.go:232: INFO No non-zero metrics in the last 30s
2017/09/04 13:31:37.198550 logp.go:232: INFO No non-zero metrics in the last 30s
2017/09/04 13:31:55.739792 logp.go:232: INFO No non-zero metrics in the last 30s
2017/09/04 13:32:07.198530 logp.go:232: INFO No non-zero metrics in the last 30s
2017/09/04 13:32:25.739757 logp.go:232: INFO No non-zero metrics in the last 30s
2017/09/04 13:32:37.198524 logp.go:232: INFO No non-zero metrics in the last 30s
2017/09/04 13:32:55.739799 logp.go:232: INFO No non-zero metrics in the last 30s
2017/09/04 13:33:07.198520 logp.go:232: INFO No non-zero metrics in the last 30s
2017/09/04 13:33:25.739826 logp.go:232: INFO No non-zero metrics in the last 30s
2017/09/04 13:33:37.198536 logp.go:232: INFO No non-zero metrics in the last 30s
2017/09/04 13:33:55.739780 logp.go:232: INFO No non-zero metrics in the last 30s
2017/09/04 13:34:07.198596 logp.go:232: INFO No non-zero metrics in the last 30s
2017/09/04 13:34:25.739808 logp.go:232: INFO No non-zero metrics in the last 30s
2017/09/04 13:34:37.198529 logp.go:232: INFO No non-zero metrics in the last 30s
2017/09/04 13:34:55.739766 logp.go:232: INFO No non-zero metrics in the last 30s
2017/09/04 13:35:07.198554 logp.go:232: INFO No non-zero metrics in the last 30s
2017/09/04 13:35:25.739836 logp.go:232: INFO No non-zero metrics in the last 30s
2017/09/04 13:35:37.198560 logp.go:232: INFO No non-zero metrics in the last 30s
2017/09/04 13:35:55.739786 logp.go:232: INFO No non-zero metrics in the last 30s
2017/09/04 13:36:07.198545 logp.go:232: INFO No non-zero metrics in the last 30s
2017/09/04 13:36:25.739769 logp.go:232: INFO No non-zero metrics in the last 30s
2017/09/04 13:36:37.198527 logp.go:232: INFO No non-zero metrics in the last 30s
2017/09/04 13:36:55.739793 logp.go:232: INFO No non-zero metrics in the last 30s
2017/09/04 13:37:07.198530 logp.go:232: INFO No non-zero metrics in the last 30s
2017/09/04 13:37:25.739786 logp.go:232: INFO No non-zero metrics in the last 30s
2017/09/04 13:37:37.198543 logp.go:232: INFO No non-zero metrics in the last 30s
2017/09/04 13:37:55.739777 logp.go:232: INFO No non-zero metrics in the last 30s
2017/09/04 13:38:07.198555 logp.go:232: INFO No non-zero metrics in the last 30s
2017/09/04 13:38:25.739768 logp.go:232: INFO No non-zero metrics in the last 30s
2017/09/04 13:38:37.198550 logp.go:232: INFO No non-zero metrics in the last 30s
2017/09/04 13:38:55.739772 logp.go:232: INFO No non-zero metrics in the last 30s
2017/09/04 13:39:07.198552 logp.go:232: INFO No non-zero metrics in the last 30s
2017/09/04 13:39:25.739803 logp.go:232: INFO No non-zero metrics in the last 30s
2017/09/04 13:39:37.198556 logp.go:232: INFO No non-zero metrics in the last 30s
2017/09/04 13:39:55.739796 logp.go:232: INFO No non-zero metrics in the last 30s
2017/09/04 13:40:07.198515 logp.go:232: INFO No non-zero metrics in the last 30s
2017/09/04 13:40:25.739820 logp.go:232: INFO No non-zero metrics in the last 30s
2017/09/04 13:40:37.202721 logp.go:232: INFO No non-zero metrics in the last 30s
2017/09/04 13:40:55.739783 logp.go:232: INFO No non-zero metrics in the last 30s
2017/09/04 13:41:07.198551 logp.go:232: INFO No non-zero metrics in the last 30s
2017/09/04 13:41:25.739773 logp.go:232: INFO No non-zero metrics in the last 30s
2017/09/04 13:41:37.198517 logp.go:232: INFO No non-zero metrics in the last 30s
2017/09/04 13:41:55.739788 logp.go:232: INFO No non-zero metrics in the last 30s
2017/09/04 13:42:07.198527 logp.go:232: INFO No non-zero metrics in the last 30s
2017/09/04 13:42:25.739831 logp.go:232: INFO No non-zero metrics in the last 30s
2017/09/04 13:42:37.198558 logp.go:232: INFO No non-zero metrics in the last 30s
2017/09/04 13:42:55.739834 logp.go:232: INFO No non-zero metrics in the last 30s
2017/09/04 13:43:07.198517 logp.go:232: INFO No non-zero metrics in the last 30s
2017/09/04 13:43:25.739797 logp.go:232: INFO No non-zero metrics in the last 30s
2017/09/04 13:43:37.198527 logp.go:232: INFO No non-zero metrics in the last 30s
2017/09/04 13:43:55.739764 logp.go:232: INFO No non-zero metrics in the last 30s
